------------------------------------------------------------------------------------------------------------------------

[2020-11-14 19:58:32 #1 store] 
Database 'C:\Users\david\git\SI-Proiektua_Bets\resources\bets.temp' is opened by 9960@MSI

[2020-11-14 19:58:33 #2 type.registry] 
New type domain.UserBerezia

[2020-11-14 19:58:33 #3 type.registry] 
New type domain.User

[2020-11-14 19:58:33 #4 type.registry] 
New type domain.Admin

[2020-11-14 19:58:33 #5 type] 
Type domain.User is not enhanced.

[2020-11-14 19:58:33 #6 type] 
Type domain.Admin is not enhanced.

[2020-11-14 19:58:33 #7 type.registry] 
New type domain.Langilea

[2020-11-14 19:58:33 #8 type] 
Type domain.Langilea is not enhanced.

[2020-11-14 19:58:33 #9 type.registry] 
New type domain.Erabiltzailea

[2020-11-14 19:58:33 #10 type] 
Type domain.Erabiltzailea is not enhanced.

[2020-11-14 19:58:33 #11 type.registry] 
New type domain.SuperBet

[2020-11-14 19:58:33 #12 type.registry] 
New type java.util.Vector<domain.SuperBet>

[2020-11-14 19:58:33 #13 type.registry] 
New type domain.Bet

[2020-11-14 19:58:33 #14 type.registry] 
New type java.util.Vector<domain.Bet>

[2020-11-14 19:58:33 #15 type.registry] 
New type domain.Mugimendua

[2020-11-14 19:58:33 #16 type.registry] 
New type java.util.Vector<domain.Mugimendua>

[2020-11-14 19:58:33 #17 type] 
Type domain.SuperBet is not enhanced.

[2020-11-14 19:58:33 #18 type.registry] 
New type domain.Result

[2020-11-14 19:58:33 #19 type.registry] 
New type java.util.Vector<domain.Result>

[2020-11-14 19:58:33 #20 type] 
Type domain.Bet is not enhanced.

[2020-11-14 19:58:33 #21 type] 
Type domain.Mugimendua is not enhanced.

[2020-11-14 19:58:33 #22 type] 
Type domain.Result is not enhanced.

[2020-11-14 19:58:33 #23 type.registry] 
New type domain.Question

[2020-11-14 19:58:33 #24 type] 
Type domain.Question is not enhanced.

[2020-11-14 19:58:33 #25 type.registry] 
New type domain.Event

[2020-11-14 19:58:33 #26 type] 
Type domain.Event is not enhanced.

[2020-11-14 19:58:33 #27 type.registry] 
New type java.util.Vector<domain.Question>

[2020-11-14 19:58:33 #28 type.registry] 
New type java.util.Vector<java.lang.Object>

