------------------------------------------------------------------------------------------------------------------------

[2020-10-19 21:01:49 #1 store] 
Database 'C:\Users\david\git\SI-Proiektua_Bets\resources\bets.temp' is opened by 10096@MSI

[2020-10-19 21:01:49 #2 type.registry] 
New type domain.UserBerezia

[2020-10-19 21:01:49 #3 type.registry] 
New type domain.User

[2020-10-19 21:01:49 #4 type.registry] 
New type domain.Admin

[2020-10-19 21:01:49 #5 type] 
Type domain.User is not enhanced.

[2020-10-19 21:01:49 #6 type] 
Type domain.Admin is not enhanced.

[2020-10-19 21:01:49 #7 type.registry] 
New type domain.Langilea

[2020-10-19 21:01:49 #8 type] 
Type domain.Langilea is not enhanced.

[2020-10-19 21:01:49 #9 type.registry] 
New type domain.Erabiltzailea

[2020-10-19 21:01:49 #10 type] 
Type domain.Erabiltzailea is not enhanced.

[2020-10-19 21:01:49 #11 type.registry] 
New type domain.SuperBet

[2020-10-19 21:01:49 #12 type.registry] 
New type java.util.Vector<domain.SuperBet>

[2020-10-19 21:01:49 #13 type.registry] 
New type domain.Bet

[2020-10-19 21:01:49 #14 type.registry] 
New type java.util.Vector<domain.Bet>

[2020-10-19 21:01:49 #15 type.registry] 
New type domain.Mugimendua

[2020-10-19 21:01:49 #16 type.registry] 
New type java.util.Vector<domain.Mugimendua>

[2020-10-19 21:01:49 #17 type] 
Type domain.SuperBet is not enhanced.

[2020-10-19 21:01:49 #18 type.registry] 
New type domain.Result

[2020-10-19 21:01:49 #19 type.registry] 
New type java.util.Vector<domain.Result>

[2020-10-19 21:01:49 #20 type] 
Type domain.Bet is not enhanced.

[2020-10-19 21:01:49 #21 type] 
Type domain.Mugimendua is not enhanced.

[2020-10-19 21:01:49 #22 type] 
Type domain.Result is not enhanced.

[2020-10-19 21:01:49 #23 type.registry] 
New type domain.Question

[2020-10-19 21:01:49 #24 type] 
Type domain.Question is not enhanced.

[2020-10-19 21:01:49 #25 type.registry] 
New type domain.Event

[2020-10-19 21:01:49 #26 type] 
Type domain.Event is not enhanced.

[2020-10-19 21:01:49 #27 type.registry] 
New type java.util.Vector<domain.Question>

[2020-10-19 21:01:49 #28 type.registry] 
New type java.util.Vector<java.lang.Object>

------------------------------------------------------------------------------------------------------------------------

[2020-10-19 21:06:49 #1 store] 
Database 'C:\Users\david\git\SI-Proiektua_Bets\resources\bets.temp' is opened by 9936@MSI

[2020-10-19 21:06:49 #2 type.registry] 
New type domain.UserBerezia

[2020-10-19 21:06:49 #3 type.registry] 
New type domain.User

[2020-10-19 21:06:49 #4 type.registry] 
New type domain.Admin

[2020-10-19 21:06:49 #5 type] 
Type domain.User is not enhanced.

[2020-10-19 21:06:49 #6 type] 
Type domain.Admin is not enhanced.

[2020-10-19 21:06:49 #7 type.registry] 
New type domain.Langilea

[2020-10-19 21:06:49 #8 type] 
Type domain.Langilea is not enhanced.

[2020-10-19 21:06:49 #9 type.registry] 
New type domain.Erabiltzailea

[2020-10-19 21:06:49 #10 type] 
Type domain.Erabiltzailea is not enhanced.

[2020-10-19 21:06:49 #11 type.registry] 
New type domain.SuperBet

[2020-10-19 21:06:49 #12 type.registry] 
New type java.util.Vector<domain.SuperBet>

[2020-10-19 21:06:49 #13 type.registry] 
New type domain.Bet

[2020-10-19 21:06:49 #14 type.registry] 
New type java.util.Vector<domain.Bet>

[2020-10-19 21:06:49 #15 type.registry] 
New type domain.Mugimendua

[2020-10-19 21:06:49 #16 type.registry] 
New type java.util.Vector<domain.Mugimendua>

[2020-10-19 21:06:49 #17 type] 
Type domain.SuperBet is not enhanced.

[2020-10-19 21:06:49 #18 type.registry] 
New type domain.Result

[2020-10-19 21:06:49 #19 type.registry] 
New type java.util.Vector<domain.Result>

[2020-10-19 21:06:49 #20 type] 
Type domain.Bet is not enhanced.

[2020-10-19 21:06:49 #21 type] 
Type domain.Mugimendua is not enhanced.

[2020-10-19 21:06:49 #22 type] 
Type domain.Result is not enhanced.

[2020-10-19 21:06:49 #23 type.registry] 
New type domain.Question

[2020-10-19 21:06:49 #24 type] 
Type domain.Question is not enhanced.

[2020-10-19 21:06:49 #25 type.registry] 
New type domain.Event

[2020-10-19 21:06:49 #26 type] 
Type domain.Event is not enhanced.

[2020-10-19 21:06:49 #27 type.registry] 
New type java.util.Vector<domain.Question>

[2020-10-19 21:06:49 #28 type.registry] 
New type java.util.Vector<java.lang.Object>

------------------------------------------------------------------------------------------------------------------------

[2020-10-19 21:11:12 #1 store] 
Database 'C:\Users\david\git\SI-Proiektua_Bets\resources\bets.temp' is opened by 12824@MSI

[2020-10-19 21:11:12 #2 type.registry] 
New type domain.UserBerezia

[2020-10-19 21:11:12 #3 type.registry] 
New type domain.User

[2020-10-19 21:11:12 #4 type.registry] 
New type domain.Admin

[2020-10-19 21:11:12 #5 type] 
Type domain.User is not enhanced.

[2020-10-19 21:11:12 #6 type] 
Type domain.Admin is not enhanced.

[2020-10-19 21:11:12 #7 type.registry] 
New type domain.Langilea

[2020-10-19 21:11:12 #8 type] 
Type domain.Langilea is not enhanced.

[2020-10-19 21:11:12 #9 type.registry] 
New type domain.Erabiltzailea

[2020-10-19 21:11:12 #10 type] 
Type domain.Erabiltzailea is not enhanced.

[2020-10-19 21:11:12 #11 type.registry] 
New type domain.SuperBet

[2020-10-19 21:11:12 #12 type.registry] 
New type java.util.Vector<domain.SuperBet>

[2020-10-19 21:11:12 #13 type.registry] 
New type domain.Bet

[2020-10-19 21:11:12 #14 type.registry] 
New type java.util.Vector<domain.Bet>

[2020-10-19 21:11:12 #15 type.registry] 
New type domain.Mugimendua

[2020-10-19 21:11:12 #16 type.registry] 
New type java.util.Vector<domain.Mugimendua>

[2020-10-19 21:11:12 #17 type] 
Type domain.SuperBet is not enhanced.

[2020-10-19 21:11:12 #18 type.registry] 
New type domain.Result

[2020-10-19 21:11:12 #19 type.registry] 
New type java.util.Vector<domain.Result>

[2020-10-19 21:11:12 #20 type] 
Type domain.Bet is not enhanced.

[2020-10-19 21:11:12 #21 type] 
Type domain.Mugimendua is not enhanced.

[2020-10-19 21:11:12 #22 type] 
Type domain.Result is not enhanced.

[2020-10-19 21:11:12 #23 type.registry] 
New type domain.Question

[2020-10-19 21:11:12 #24 type] 
Type domain.Question is not enhanced.

[2020-10-19 21:11:12 #25 type.registry] 
New type domain.Event

[2020-10-19 21:11:12 #26 type] 
Type domain.Event is not enhanced.

[2020-10-19 21:11:12 #27 type.registry] 
New type java.util.Vector<domain.Question>

[2020-10-19 21:11:12 #28 type.registry] 
New type java.util.Vector<java.lang.Object>

------------------------------------------------------------------------------------------------------------------------

[2020-10-19 21:20:52 #1 store] 
Database 'C:\Users\david\git\SI-Proiektua_Bets\resources\bets.temp' is opened by 13892@MSI

[2020-10-19 21:20:53 #2 type.registry] 
New type domain.UserBerezia

[2020-10-19 21:20:53 #3 type.registry] 
New type domain.User

[2020-10-19 21:20:53 #4 type.registry] 
New type domain.Admin

[2020-10-19 21:20:53 #5 type] 
Type domain.User is not enhanced.

[2020-10-19 21:20:53 #6 type] 
Type domain.Admin is not enhanced.

[2020-10-19 21:20:53 #7 type.registry] 
New type domain.Langilea

[2020-10-19 21:20:53 #8 type] 
Type domain.Langilea is not enhanced.

[2020-10-19 21:20:53 #9 type.registry] 
New type domain.Erabiltzailea

[2020-10-19 21:20:53 #10 type] 
Type domain.Erabiltzailea is not enhanced.

[2020-10-19 21:20:53 #11 type.registry] 
New type domain.SuperBet

[2020-10-19 21:20:53 #12 type.registry] 
New type java.util.Vector<domain.SuperBet>

[2020-10-19 21:20:53 #13 type.registry] 
New type domain.Bet

[2020-10-19 21:20:53 #14 type.registry] 
New type java.util.Vector<domain.Bet>

[2020-10-19 21:20:53 #15 type.registry] 
New type domain.Mugimendua

[2020-10-19 21:20:53 #16 type.registry] 
New type java.util.Vector<domain.Mugimendua>

[2020-10-19 21:20:53 #17 type] 
Type domain.SuperBet is not enhanced.

[2020-10-19 21:20:53 #18 type.registry] 
New type domain.Result

[2020-10-19 21:20:53 #19 type.registry] 
New type java.util.Vector<domain.Result>

[2020-10-19 21:20:53 #20 type] 
Type domain.Bet is not enhanced.

[2020-10-19 21:20:53 #21 type] 
Type domain.Mugimendua is not enhanced.

[2020-10-19 21:20:53 #22 type] 
Type domain.Result is not enhanced.

[2020-10-19 21:20:53 #23 type.registry] 
New type domain.Question

[2020-10-19 21:20:53 #24 type] 
Type domain.Question is not enhanced.

[2020-10-19 21:20:53 #25 type.registry] 
New type domain.Event

[2020-10-19 21:20:53 #26 type] 
Type domain.Event is not enhanced.

[2020-10-19 21:20:53 #27 type.registry] 
New type java.util.Vector<domain.Question>

[2020-10-19 21:20:53 #28 type.registry] 
New type java.util.Vector<java.lang.Object>

------------------------------------------------------------------------------------------------------------------------

[2020-10-19 21:25:21 #1 store] 
Database 'C:\Users\david\git\SI-Proiektua_Bets\resources\bets.temp' is opened by 1408@MSI

[2020-10-19 21:25:21 #2 type.registry] 
New type domain.UserBerezia

[2020-10-19 21:25:21 #3 type.registry] 
New type domain.User

[2020-10-19 21:25:21 #4 type.registry] 
New type domain.Admin

[2020-10-19 21:25:21 #5 type] 
Type domain.User is not enhanced.

[2020-10-19 21:25:21 #6 type] 
Type domain.Admin is not enhanced.

[2020-10-19 21:25:21 #7 type.registry] 
New type domain.Langilea

[2020-10-19 21:25:21 #8 type] 
Type domain.Langilea is not enhanced.

[2020-10-19 21:25:21 #9 type.registry] 
New type domain.Erabiltzailea

[2020-10-19 21:25:21 #10 type] 
Type domain.Erabiltzailea is not enhanced.

[2020-10-19 21:25:21 #11 type.registry] 
New type domain.SuperBet

[2020-10-19 21:25:21 #12 type.registry] 
New type java.util.Vector<domain.SuperBet>

[2020-10-19 21:25:21 #13 type.registry] 
New type domain.Bet

[2020-10-19 21:25:21 #14 type.registry] 
New type java.util.Vector<domain.Bet>

[2020-10-19 21:25:21 #15 type.registry] 
New type domain.Mugimendua

[2020-10-19 21:25:21 #16 type.registry] 
New type java.util.Vector<domain.Mugimendua>

[2020-10-19 21:25:21 #17 type] 
Type domain.SuperBet is not enhanced.

[2020-10-19 21:25:21 #18 type.registry] 
New type domain.Result

[2020-10-19 21:25:21 #19 type.registry] 
New type java.util.Vector<domain.Result>

[2020-10-19 21:25:21 #20 type] 
Type domain.Bet is not enhanced.

[2020-10-19 21:25:21 #21 type] 
Type domain.Mugimendua is not enhanced.

[2020-10-19 21:25:21 #22 type] 
Type domain.Result is not enhanced.

[2020-10-19 21:25:21 #23 type.registry] 
New type domain.Question

[2020-10-19 21:25:21 #24 type] 
Type domain.Question is not enhanced.

[2020-10-19 21:25:21 #25 type.registry] 
New type domain.Event

[2020-10-19 21:25:21 #26 type] 
Type domain.Event is not enhanced.

[2020-10-19 21:25:21 #27 type.registry] 
New type java.util.Vector<domain.Question>

[2020-10-19 21:25:21 #28 type.registry] 
New type java.util.Vector<java.lang.Object>

------------------------------------------------------------------------------------------------------------------------

[2020-10-19 21:26:14 #1 store] 
Database 'C:\Users\david\git\SI-Proiektua_Bets\resources\bets.temp' is opened by 2744@MSI

[2020-10-19 21:26:15 #2 type.registry] 
New type domain.UserBerezia

[2020-10-19 21:26:15 #3 type.registry] 
New type domain.User

[2020-10-19 21:26:15 #4 type.registry] 
New type domain.Admin

[2020-10-19 21:26:15 #5 type] 
Type domain.User is not enhanced.

[2020-10-19 21:26:15 #6 type] 
Type domain.Admin is not enhanced.

[2020-10-19 21:26:15 #7 type.registry] 
New type domain.Langilea

[2020-10-19 21:26:15 #8 type] 
Type domain.Langilea is not enhanced.

[2020-10-19 21:26:15 #9 type.registry] 
New type domain.Erabiltzailea

[2020-10-19 21:26:15 #10 type] 
Type domain.Erabiltzailea is not enhanced.

[2020-10-19 21:26:15 #11 type.registry] 
New type domain.SuperBet

[2020-10-19 21:26:15 #12 type.registry] 
New type java.util.Vector<domain.SuperBet>

[2020-10-19 21:26:15 #13 type.registry] 
New type domain.Bet

[2020-10-19 21:26:15 #14 type.registry] 
New type java.util.Vector<domain.Bet>

[2020-10-19 21:26:15 #15 type.registry] 
New type domain.Mugimendua

[2020-10-19 21:26:15 #16 type.registry] 
New type java.util.Vector<domain.Mugimendua>

[2020-10-19 21:26:15 #17 type] 
Type domain.SuperBet is not enhanced.

[2020-10-19 21:26:15 #18 type.registry] 
New type domain.Result

[2020-10-19 21:26:15 #19 type.registry] 
New type java.util.Vector<domain.Result>

[2020-10-19 21:26:15 #20 type] 
Type domain.Bet is not enhanced.

[2020-10-19 21:26:15 #21 type] 
Type domain.Mugimendua is not enhanced.

[2020-10-19 21:26:15 #22 type] 
Type domain.Result is not enhanced.

[2020-10-19 21:26:15 #23 type.registry] 
New type domain.Question

[2020-10-19 21:26:15 #24 type] 
Type domain.Question is not enhanced.

[2020-10-19 21:26:15 #25 type.registry] 
New type domain.Event

[2020-10-19 21:26:15 #26 type] 
Type domain.Event is not enhanced.

[2020-10-19 21:26:15 #27 type.registry] 
New type java.util.Vector<domain.Question>

[2020-10-19 21:26:15 #28 type.registry] 
New type java.util.Vector<java.lang.Object>

------------------------------------------------------------------------------------------------------------------------

[2020-10-19 21:31:17 #1 store] 
Database 'C:\Users\david\git\SI-Proiektua_Bets\resources\bets.temp' is opened by 13776@MSI

[2020-10-19 21:31:18 #2 type.registry] 
New type domain.UserBerezia

[2020-10-19 21:31:18 #3 type.registry] 
New type domain.User

[2020-10-19 21:31:18 #4 type.registry] 
New type domain.Admin

[2020-10-19 21:31:18 #5 type] 
Type domain.User is not enhanced.

[2020-10-19 21:31:18 #6 type] 
Type domain.Admin is not enhanced.

[2020-10-19 21:31:18 #7 type.registry] 
New type domain.Langilea

[2020-10-19 21:31:18 #8 type] 
Type domain.Langilea is not enhanced.

[2020-10-19 21:31:18 #9 type.registry] 
New type domain.Erabiltzailea

[2020-10-19 21:31:18 #10 type] 
Type domain.Erabiltzailea is not enhanced.

[2020-10-19 21:31:18 #11 type.registry] 
New type domain.SuperBet

[2020-10-19 21:31:18 #12 type.registry] 
New type java.util.Vector<domain.SuperBet>

[2020-10-19 21:31:18 #13 type.registry] 
New type domain.Bet

[2020-10-19 21:31:18 #14 type.registry] 
New type java.util.Vector<domain.Bet>

[2020-10-19 21:31:18 #15 type.registry] 
New type domain.Mugimendua

[2020-10-19 21:31:18 #16 type.registry] 
New type java.util.Vector<domain.Mugimendua>

[2020-10-19 21:31:18 #17 type] 
Type domain.SuperBet is not enhanced.

[2020-10-19 21:31:18 #18 type.registry] 
New type domain.Result

[2020-10-19 21:31:18 #19 type.registry] 
New type java.util.Vector<domain.Result>

[2020-10-19 21:31:18 #20 type] 
Type domain.Bet is not enhanced.

[2020-10-19 21:31:18 #21 type] 
Type domain.Mugimendua is not enhanced.

[2020-10-19 21:31:18 #22 type] 
Type domain.Result is not enhanced.

[2020-10-19 21:31:18 #23 type.registry] 
New type domain.Question

[2020-10-19 21:31:18 #24 type] 
Type domain.Question is not enhanced.

[2020-10-19 21:31:18 #25 type.registry] 
New type domain.Event

[2020-10-19 21:31:18 #26 type] 
Type domain.Event is not enhanced.

[2020-10-19 21:31:18 #27 type.registry] 
New type java.util.Vector<domain.Question>

[2020-10-19 21:31:18 #28 type.registry] 
New type java.util.Vector<java.lang.Object>

------------------------------------------------------------------------------------------------------------------------

[2020-10-19 21:32:55 #1 store] 
Database 'C:\Users\david\git\SI-Proiektua_Bets\resources\bets.temp' is opened by 10072@MSI

[2020-10-19 21:32:55 #2 type.registry] 
New type domain.UserBerezia

[2020-10-19 21:32:55 #3 type.registry] 
New type domain.User

[2020-10-19 21:32:55 #4 type.registry] 
New type domain.Admin

[2020-10-19 21:32:55 #5 type] 
Type domain.User is not enhanced.

[2020-10-19 21:32:55 #6 type] 
Type domain.Admin is not enhanced.

[2020-10-19 21:32:55 #7 type.registry] 
New type domain.Langilea

[2020-10-19 21:32:55 #8 type] 
Type domain.Langilea is not enhanced.

[2020-10-19 21:32:55 #9 type.registry] 
New type domain.Erabiltzailea

[2020-10-19 21:32:55 #10 type] 
Type domain.Erabiltzailea is not enhanced.

[2020-10-19 21:32:55 #11 type.registry] 
New type domain.SuperBet

[2020-10-19 21:32:55 #12 type.registry] 
New type java.util.Vector<domain.SuperBet>

[2020-10-19 21:32:55 #13 type.registry] 
New type domain.Bet

[2020-10-19 21:32:55 #14 type.registry] 
New type java.util.Vector<domain.Bet>

[2020-10-19 21:32:55 #15 type.registry] 
New type domain.Mugimendua

[2020-10-19 21:32:55 #16 type.registry] 
New type java.util.Vector<domain.Mugimendua>

[2020-10-19 21:32:55 #17 type] 
Type domain.SuperBet is not enhanced.

[2020-10-19 21:32:55 #18 type.registry] 
New type domain.Result

[2020-10-19 21:32:55 #19 type.registry] 
New type java.util.Vector<domain.Result>

[2020-10-19 21:32:55 #20 type] 
Type domain.Bet is not enhanced.

[2020-10-19 21:32:55 #21 type] 
Type domain.Mugimendua is not enhanced.

[2020-10-19 21:32:55 #22 type] 
Type domain.Result is not enhanced.

[2020-10-19 21:32:55 #23 type.registry] 
New type domain.Question

[2020-10-19 21:32:55 #24 type] 
Type domain.Question is not enhanced.

[2020-10-19 21:32:55 #25 type.registry] 
New type domain.Event

[2020-10-19 21:32:55 #26 type] 
Type domain.Event is not enhanced.

[2020-10-19 21:32:55 #27 type.registry] 
New type java.util.Vector<domain.Question>

[2020-10-19 21:32:55 #28 type.registry] 
New type java.util.Vector<java.lang.Object>

------------------------------------------------------------------------------------------------------------------------

[2020-10-19 21:34:53 #1 store] 
Database 'C:\Users\david\git\SI-Proiektua_Bets\resources\bets.temp' is opened by 10804@MSI

[2020-10-19 21:34:53 #2 type.registry] 
New type domain.UserBerezia

[2020-10-19 21:34:53 #3 type.registry] 
New type domain.User

[2020-10-19 21:34:53 #4 type.registry] 
New type domain.Admin

[2020-10-19 21:34:53 #5 type] 
Type domain.User is not enhanced.

[2020-10-19 21:34:53 #6 type] 
Type domain.Admin is not enhanced.

[2020-10-19 21:34:53 #7 type.registry] 
New type domain.Langilea

[2020-10-19 21:34:53 #8 type] 
Type domain.Langilea is not enhanced.

[2020-10-19 21:34:53 #9 type.registry] 
New type domain.Erabiltzailea

[2020-10-19 21:34:53 #10 type] 
Type domain.Erabiltzailea is not enhanced.

[2020-10-19 21:34:53 #11 type.registry] 
New type domain.SuperBet

[2020-10-19 21:34:53 #12 type.registry] 
New type java.util.Vector<domain.SuperBet>

[2020-10-19 21:34:53 #13 type.registry] 
New type domain.Bet

[2020-10-19 21:34:53 #14 type.registry] 
New type java.util.Vector<domain.Bet>

[2020-10-19 21:34:53 #15 type.registry] 
New type domain.Mugimendua

[2020-10-19 21:34:53 #16 type.registry] 
New type java.util.Vector<domain.Mugimendua>

[2020-10-19 21:34:53 #17 type] 
Type domain.SuperBet is not enhanced.

[2020-10-19 21:34:53 #18 type.registry] 
New type domain.Result

[2020-10-19 21:34:53 #19 type.registry] 
New type java.util.Vector<domain.Result>

[2020-10-19 21:34:53 #20 type] 
Type domain.Bet is not enhanced.

[2020-10-19 21:34:53 #21 type] 
Type domain.Mugimendua is not enhanced.

[2020-10-19 21:34:53 #22 type] 
Type domain.Result is not enhanced.

[2020-10-19 21:34:53 #23 type.registry] 
New type domain.Question

[2020-10-19 21:34:53 #24 type] 
Type domain.Question is not enhanced.

[2020-10-19 21:34:53 #25 type.registry] 
New type domain.Event

[2020-10-19 21:34:53 #26 type] 
Type domain.Event is not enhanced.

[2020-10-19 21:34:53 #27 type.registry] 
New type java.util.Vector<domain.Question>

[2020-10-19 21:34:53 #28 type.registry] 
New type java.util.Vector<java.lang.Object>

------------------------------------------------------------------------------------------------------------------------

[2020-10-19 21:35:40 #1 store] 
Database 'C:\Users\david\git\SI-Proiektua_Bets\resources\bets.temp' is opened by 1808@MSI

[2020-10-19 21:35:40 #2 type.registry] 
New type domain.UserBerezia

[2020-10-19 21:35:40 #3 type.registry] 
New type domain.User

[2020-10-19 21:35:40 #4 type.registry] 
New type domain.Admin

[2020-10-19 21:35:40 #5 type] 
Type domain.User is not enhanced.

[2020-10-19 21:35:40 #6 type] 
Type domain.Admin is not enhanced.

[2020-10-19 21:35:40 #7 type.registry] 
New type domain.Langilea

[2020-10-19 21:35:40 #8 type] 
Type domain.Langilea is not enhanced.

[2020-10-19 21:35:40 #9 type.registry] 
New type domain.Erabiltzailea

[2020-10-19 21:35:40 #10 type] 
Type domain.Erabiltzailea is not enhanced.

[2020-10-19 21:35:40 #11 type.registry] 
New type domain.SuperBet

[2020-10-19 21:35:40 #12 type.registry] 
New type java.util.Vector<domain.SuperBet>

[2020-10-19 21:35:40 #13 type.registry] 
New type domain.Bet

[2020-10-19 21:35:40 #14 type.registry] 
New type java.util.Vector<domain.Bet>

[2020-10-19 21:35:40 #15 type.registry] 
New type domain.Mugimendua

[2020-10-19 21:35:40 #16 type.registry] 
New type java.util.Vector<domain.Mugimendua>

[2020-10-19 21:35:40 #17 type] 
Type domain.SuperBet is not enhanced.

[2020-10-19 21:35:40 #18 type.registry] 
New type domain.Result

[2020-10-19 21:35:40 #19 type.registry] 
New type java.util.Vector<domain.Result>

[2020-10-19 21:35:40 #20 type] 
Type domain.Bet is not enhanced.

[2020-10-19 21:35:40 #21 type] 
Type domain.Mugimendua is not enhanced.

[2020-10-19 21:35:40 #22 type] 
Type domain.Result is not enhanced.

[2020-10-19 21:35:40 #23 type.registry] 
New type domain.Question

[2020-10-19 21:35:40 #24 type] 
Type domain.Question is not enhanced.

[2020-10-19 21:35:40 #25 type.registry] 
New type domain.Event

[2020-10-19 21:35:40 #26 type] 
Type domain.Event is not enhanced.

[2020-10-19 21:35:40 #27 type.registry] 
New type java.util.Vector<domain.Question>

[2020-10-19 21:35:40 #28 type.registry] 
New type java.util.Vector<java.lang.Object>

------------------------------------------------------------------------------------------------------------------------

[2020-10-19 21:47:24 #1 store] 
Database 'C:\Users\david\git\SI-Proiektua_Bets\resources\bets.temp' is opened by 1144@MSI

[2020-10-19 21:47:24 #2 type.registry] 
New type domain.UserBerezia

[2020-10-19 21:47:24 #3 type.registry] 
New type domain.User

[2020-10-19 21:47:24 #4 type.registry] 
New type domain.Admin

[2020-10-19 21:47:24 #5 type] 
Type domain.User is not enhanced.

[2020-10-19 21:47:24 #6 type] 
Type domain.Admin is not enhanced.

[2020-10-19 21:47:25 #7 type.registry] 
New type domain.Langilea

[2020-10-19 21:47:25 #8 type] 
Type domain.Langilea is not enhanced.

[2020-10-19 21:47:25 #9 type.registry] 
New type domain.Erabiltzailea

[2020-10-19 21:47:25 #10 type] 
Type domain.Erabiltzailea is not enhanced.

[2020-10-19 21:47:25 #11 type.registry] 
New type domain.SuperBet

[2020-10-19 21:47:25 #12 type.registry] 
New type java.util.Vector<domain.SuperBet>

[2020-10-19 21:47:25 #13 type.registry] 
New type domain.Bet

[2020-10-19 21:47:25 #14 type.registry] 
New type java.util.Vector<domain.Bet>

[2020-10-19 21:47:25 #15 type.registry] 
New type domain.Mugimendua

[2020-10-19 21:47:25 #16 type.registry] 
New type java.util.Vector<domain.Mugimendua>

[2020-10-19 21:47:25 #17 type] 
Type domain.SuperBet is not enhanced.

[2020-10-19 21:47:25 #18 type.registry] 
New type domain.Result

[2020-10-19 21:47:25 #19 type.registry] 
New type java.util.Vector<domain.Result>

[2020-10-19 21:47:25 #20 type] 
Type domain.Bet is not enhanced.

[2020-10-19 21:47:25 #21 type] 
Type domain.Mugimendua is not enhanced.

[2020-10-19 21:47:25 #22 type] 
Type domain.Result is not enhanced.

[2020-10-19 21:47:25 #23 type.registry] 
New type domain.Question

[2020-10-19 21:47:25 #24 type] 
Type domain.Question is not enhanced.

[2020-10-19 21:47:25 #25 type.registry] 
New type domain.Event

[2020-10-19 21:47:25 #26 type] 
Type domain.Event is not enhanced.

[2020-10-19 21:47:25 #27 type.registry] 
New type java.util.Vector<domain.Question>

[2020-10-19 21:47:25 #28 type.registry] 
New type java.util.Vector<java.lang.Object>

------------------------------------------------------------------------------------------------------------------------

[2020-10-19 21:52:54 #1 store] 
Database 'C:\Users\david\git\SI-Proiektua_Bets\resources\bets.temp' is opened by 12964@MSI

[2020-10-19 21:52:54 #2 type.registry] 
New type domain.UserBerezia

[2020-10-19 21:52:54 #3 type.registry] 
New type domain.User

[2020-10-19 21:52:54 #4 type.registry] 
New type domain.Admin

[2020-10-19 21:52:54 #5 type] 
Type domain.User is not enhanced.

[2020-10-19 21:52:54 #6 type] 
Type domain.Admin is not enhanced.

[2020-10-19 21:52:54 #7 type.registry] 
New type domain.Langilea

[2020-10-19 21:52:54 #8 type] 
Type domain.Langilea is not enhanced.

[2020-10-19 21:52:54 #9 type.registry] 
New type domain.Erabiltzailea

[2020-10-19 21:52:54 #10 type] 
Type domain.Erabiltzailea is not enhanced.

[2020-10-19 21:52:54 #11 type.registry] 
New type domain.SuperBet

[2020-10-19 21:52:54 #12 type.registry] 
New type java.util.Vector<domain.SuperBet>

[2020-10-19 21:52:54 #13 type.registry] 
New type domain.Bet

[2020-10-19 21:52:54 #14 type.registry] 
New type java.util.Vector<domain.Bet>

[2020-10-19 21:52:54 #15 type.registry] 
New type domain.Mugimendua

[2020-10-19 21:52:54 #16 type.registry] 
New type java.util.Vector<domain.Mugimendua>

[2020-10-19 21:52:54 #17 type] 
Type domain.SuperBet is not enhanced.

[2020-10-19 21:52:54 #18 type.registry] 
New type domain.Result

[2020-10-19 21:52:54 #19 type.registry] 
New type java.util.Vector<domain.Result>

[2020-10-19 21:52:54 #20 type] 
Type domain.Bet is not enhanced.

[2020-10-19 21:52:54 #21 type] 
Type domain.Mugimendua is not enhanced.

[2020-10-19 21:52:54 #22 type] 
Type domain.Result is not enhanced.

[2020-10-19 21:52:54 #23 type.registry] 
New type domain.Question

[2020-10-19 21:52:54 #24 type] 
Type domain.Question is not enhanced.

[2020-10-19 21:52:54 #25 type.registry] 
New type domain.Event

[2020-10-19 21:52:54 #26 type] 
Type domain.Event is not enhanced.

[2020-10-19 21:52:54 #27 type.registry] 
New type java.util.Vector<domain.Question>

[2020-10-19 21:52:54 #28 type.registry] 
New type java.util.Vector<java.lang.Object>

